  [4;36;1mSQL (0.2ms)[0m   [0;1m SELECT name
 FROM sqlite_master
 WHERE type = 'table' AND NOT name = 'sqlite_sequence'
[0m
  [4;35;1mSQL (0.1ms)[0m   [0mselect sqlite_version(*)[0m
  [4;36;1mSQL (2.0ms)[0m   [0;1mCREATE TABLE "schema_migrations" ("version" varchar(255) NOT NULL) [0m
  [4;35;1mSQL (2.0ms)[0m   [0mCREATE UNIQUE INDEX "unique_schema_migrations" ON "schema_migrations" ("version")[0m
  [4;36;1mSQL (0.2ms)[0m   [0;1m SELECT name
 FROM sqlite_master
 WHERE type = 'table' AND NOT name = 'sqlite_sequence'
[0m
  [4;35;1mSQL (0.1ms)[0m   [0mSELECT version FROM schema_migrations[0m
Migrating to CreateProjects (20091014181829)
  [4;36;1mSQL (0.6ms)[0m   [0;1mCREATE TABLE "projects" ("id" INTEGER PRIMARY KEY AUTOINCREMENT NOT NULL, "title" varchar(255), "teaser" text, "body" text, "icon_url" varchar(255), "source_url" varchar(255), "is_featured" boolean, "permalink" varchar(255), "created_at" datetime, "updated_at" datetime) [0m
  [4;35;1mSQL (0.2ms)[0m   [0mINSERT INTO schema_migrations (version) VALUES ('20091014181829')[0m
  [4;36;1mSQL (0.3ms)[0m   [0;1m SELECT name
 FROM sqlite_master
 WHERE type = 'table' AND NOT name = 'sqlite_sequence'
[0m
  [4;35;1mSQL (0.2ms)[0m   [0mSELECT version FROM schema_migrations[0m
  [4;36;1mSQL (0.2ms)[0m   [0;1m SELECT name
 FROM sqlite_master
 WHERE type = 'table' AND NOT name = 'sqlite_sequence'
[0m
  [4;35;1mSQL (0.0ms)[0m   [0mPRAGMA index_list("projects")[0m
** acts_as_taggable_on: initialized properly.
** acts_as_taggable_on: initialized properly.


Processing ProjectsController#index (for 127.0.0.1 at 2009-10-14 19:23:34) [GET]
  [4;36;1mProject Load (0.9ms)[0m   [0;1mSELECT * FROM "projects" [0m
Rendering template within layouts/projects
Rendering projects/index
Completed in 57ms (View: 51, DB: 1) | 200 OK [http://localhost/projects]
** acts_as_taggable_on: initialized properly.
** acts_as_taggable_on: initialized properly.
  [4;36;1mSQL (0.4ms)[0m   [0;1m SELECT name
 FROM sqlite_master
 WHERE type = 'table' AND NOT name = 'sqlite_sequence'
[0m
  [4;35;1mSQL (0.1ms)[0m   [0mSELECT version FROM schema_migrations[0m
Migrating to CreateProjects (20091014181829)
Migrating to ActsAsTaggableOnMigration (20091015002808)
  [4;36;1mSQL (0.1ms)[0m   [0;1mselect sqlite_version(*)[0m
  [4;35;1mSQL (0.5ms)[0m   [0mCREATE TABLE "tags" ("id" INTEGER PRIMARY KEY AUTOINCREMENT NOT NULL, "name" varchar(255)) [0m
  [4;36;1mSQL (0.2ms)[0m   [0;1mCREATE TABLE "taggings" ("id" INTEGER PRIMARY KEY AUTOINCREMENT NOT NULL, "tag_id" integer, "taggable_id" integer, "tagger_id" integer, "tagger_type" varchar(255), "taggable_type" varchar(255), "context" varchar(255), "created_at" datetime) [0m
  [4;35;1mSQL (0.1ms)[0m   [0mCREATE INDEX "index_taggings_on_tag_id" ON "taggings" ("tag_id")[0m
  [4;36;1mSQL (0.1ms)[0m   [0;1mCREATE INDEX "index_taggings_on_taggable_id_and_taggable_type_and_context" ON "taggings" ("taggable_id", "taggable_type", "context")[0m
  [4;35;1mSQL (0.1ms)[0m   [0mINSERT INTO schema_migrations (version) VALUES ('20091015002808')[0m
  [4;36;1mSQL (0.5ms)[0m   [0;1m SELECT name
 FROM sqlite_master
 WHERE type = 'table' AND NOT name = 'sqlite_sequence'
[0m
  [4;35;1mSQL (0.3ms)[0m   [0mSELECT version FROM schema_migrations[0m
  [4;36;1mSQL (0.8ms)[0m   [0;1m SELECT name
 FROM sqlite_master
 WHERE type = 'table' AND NOT name = 'sqlite_sequence'
[0m
  [4;35;1mSQL (0.1ms)[0m   [0mPRAGMA index_list("projects")[0m
  [4;36;1mSQL (0.2ms)[0m   [0;1mPRAGMA index_list("taggings")[0m
  [4;35;1mSQL (0.2ms)[0m   [0mPRAGMA index_info('index_taggings_on_taggable_id_and_taggable_type_and_context')[0m
  [4;36;1mSQL (0.1ms)[0m   [0;1mPRAGMA index_info('index_taggings_on_tag_id')[0m
  [4;35;1mSQL (0.0ms)[0m   [0mPRAGMA index_list("tags")[0m
